Starting a Gradle Daemon, 1 incompatible and 1 stopped Daemons could not be reused, use --status for details
> Task :checkKotlinGradlePluginConfigurationErrors
> Task :compileKotlin UP-TO-DATE
> Task :compileJava NO-SOURCE
> Task :processResources UP-TO-DATE
> Task :classes UP-TO-DATE
> Task :resolveMainClassName UP-TO-DATE

> Task :bootRun

  .   ____          _            __ _ _
 /\\ / ___'_ __ _ _(_)_ __  __ _ \ \ \ \
( ( )\___ | '_ | '_| | '_ \/ _` | \ \ \ \
 \\/  ___)| |_)| | | | | || (_| |  ) ) ) )
  '  |____| .__|_| |_|_| |_\__, | / / / /
 =========|_|==============|___/=/_/_/_/

 :: Spring Boot ::                (v3.5.3)

2025-07-24T23:22:38.178+09:00  INFO 67558 --- [           main] com.assignment.auth.AuthApplicationKt    : Starting AuthApplicationKt using Java 21.0.5 with PID 67558 (/Users/gunuduru/IdeaProjects/auth/build/classes/kotlin/main started by gunuduru in /Users/gunuduru/IdeaProjects/auth)
2025-07-24T23:22:38.179+09:00 DEBUG 67558 --- [           main] com.assignment.auth.AuthApplicationKt    : Running with Spring Boot v3.5.3, Spring v6.2.8
2025-07-24T23:22:38.179+09:00  INFO 67558 --- [           main] com.assignment.auth.AuthApplicationKt    : No active profile set, falling back to 1 default profile: "default"
2025-07-24T23:22:38.492+09:00  INFO 67558 --- [           main] .s.d.r.c.RepositoryConfigurationDelegate : Bootstrapping Spring Data JPA repositories in DEFAULT mode.
2025-07-24T23:22:38.549+09:00  INFO 67558 --- [           main] .s.d.r.c.RepositoryConfigurationDelegate : Finished Spring Data repository scanning in 53 ms. Found 2 JPA repository interfaces.
2025-07-24T23:22:38.770+09:00  INFO 67558 --- [           main] o.s.b.w.embedded.tomcat.TomcatWebServer  : Tomcat initialized with port 8080 (http)
2025-07-24T23:22:38.776+09:00  INFO 67558 --- [           main] o.apache.catalina.core.StandardService   : Starting service [Tomcat]
2025-07-24T23:22:38.776+09:00  INFO 67558 --- [           main] o.apache.catalina.core.StandardEngine    : Starting Servlet engine: [Apache Tomcat/10.1.42]
2025-07-24T23:22:38.794+09:00  INFO 67558 --- [           main] o.a.c.c.C.[Tomcat].[localhost].[/]       : Initializing Spring embedded WebApplicationContext
2025-07-24T23:22:38.794+09:00  INFO 67558 --- [           main] w.s.c.ServletWebServerApplicationContext : Root WebApplicationContext: initialization completed in 598 ms
2025-07-24T23:22:38.819+09:00 DEBUG 67558 --- [           main] c.a.auth.config.JwtAuthenticationFilter  : Filter 'jwtAuthenticationFilter' configured for use
2025-07-24T23:22:38.857+09:00  INFO 67558 --- [           main] o.hibernate.jpa.internal.util.LogHelper  : HHH000204: Processing PersistenceUnitInfo [name: default]
2025-07-24T23:22:38.879+09:00  INFO 67558 --- [           main] org.hibernate.Version                    : HHH000412: Hibernate ORM core version 6.6.18.Final
2025-07-24T23:22:38.891+09:00  INFO 67558 --- [           main] o.h.c.internal.RegionFactoryInitiator    : HHH000026: Second-level cache disabled
2025-07-24T23:22:38.990+09:00  INFO 67558 --- [           main] o.s.o.j.p.SpringPersistenceUnitInfo      : No LoadTimeWeaver setup: ignoring JPA class transformer
2025-07-24T23:22:39.001+09:00  INFO 67558 --- [           main] com.zaxxer.hikari.HikariDataSource       : HikariPool-1 - Starting...
2025-07-24T23:22:39.128+09:00  INFO 67558 --- [           main] com.zaxxer.hikari.pool.HikariPool        : HikariPool-1 - Added connection conn1: url=jdbc:h2:file:./data/authdb user=SA
2025-07-24T23:22:39.129+09:00  INFO 67558 --- [           main] com.zaxxer.hikari.HikariDataSource       : HikariPool-1 - Start completed.
2025-07-24T23:22:39.144+09:00  WARN 67558 --- [           main] org.hibernate.orm.deprecation            : HHH90000025: H2Dialect does not need to be specified explicitly using 'hibernate.dialect' (remove the property setting and it will be selected by default)
2025-07-24T23:22:39.150+09:00  INFO 67558 --- [           main] org.hibernate.orm.connections.pooling    : HHH10001005: Database info:
	Database JDBC URL [Connecting through datasource 'HikariDataSource (HikariPool-1)']
	Database driver: undefined/unknown
	Database version: 2.3.232
	Autocommit mode: undefined/unknown
	Isolation level: undefined/unknown
	Minimum pool size: undefined/unknown
	Maximum pool size: undefined/unknown
2025-07-24T23:22:39.613+09:00  INFO 67558 --- [           main] o.h.e.t.j.p.i.JtaPlatformInitiator       : HHH000489: No JTA platform available (set 'hibernate.transaction.jta.platform' to enable JTA platform integration)
2025-07-24T23:22:39.651+09:00 DEBUG 67558 --- [           main] org.hibernate.SQL                        : alter table if exists users drop constraint if exists idx_username
Hibernate: alter table if exists users drop constraint if exists idx_username
2025-07-24T23:22:39.652+09:00 DEBUG 67558 --- [           main] org.hibernate.SQL                        : alter table if exists users add constraint idx_username unique (username)
Hibernate: alter table if exists users add constraint idx_username unique (username)
2025-07-24T23:22:39.652+09:00 DEBUG 67558 --- [           main] org.hibernate.SQL                        : alter table if exists users drop constraint if exists idx_ssn
Hibernate: alter table if exists users drop constraint if exists idx_ssn
2025-07-24T23:22:39.653+09:00 DEBUG 67558 --- [           main] org.hibernate.SQL                        : alter table if exists users add constraint idx_ssn unique (ssn)
Hibernate: alter table if exists users add constraint idx_ssn unique (ssn)
2025-07-24T23:22:39.654+09:00  INFO 67558 --- [           main] j.LocalContainerEntityManagerFactoryBean : Initialized JPA EntityManagerFactory for persistence unit 'default'
2025-07-24T23:22:39.935+09:00  INFO 67558 --- [           main] o.s.d.j.r.query.QueryEnhancerFactory     : Hibernate is in classpath; If applicable, HQL parser will be used.
2025-07-24T23:22:40.269+09:00  WARN 67558 --- [           main] JpaBaseConfiguration$JpaWebConfiguration : spring.jpa.open-in-view is enabled by default. Therefore, database queries may be performed during view rendering. Explicitly configure spring.jpa.open-in-view to disable this warning
2025-07-24T23:22:40.411+09:00  INFO 67558 --- [           main] r$InitializeUserDetailsManagerConfigurer : Global AuthenticationManager configured with UserDetailsService bean with name userDetailsService
2025-07-24T23:22:40.488+09:00  INFO 67558 --- [           main] o.s.b.a.h2.H2ConsoleAutoConfiguration    : H2 console available at '/h2-console'. Database available at 'jdbc:h2:file:./data/authdb'
2025-07-24T23:22:40.519+09:00  INFO 67558 --- [           main] o.s.b.w.embedded.tomcat.TomcatWebServer  : Tomcat started on port 8080 (http) with context path '/'
2025-07-24T23:22:40.523+09:00  INFO 67558 --- [           main] com.assignment.auth.AuthApplicationKt    : Started AuthApplicationKt in 2.478 seconds (process running for 2.589)
2025-07-24T23:22:40.526+09:00  INFO 67558 --- [   scheduling-1] c.a.auth.scheduler.MessageScheduler      : 메시지 발송 스케줄러 시작
2025-07-24T23:22:40.544+09:00 DEBUG 67558 --- [   scheduling-1] org.hibernate.SQL                        : select sm1_0.id,sm1_0.created_at,sm1_0.message,sm1_0.phone from scheduled_messages sm1_0 order by sm1_0.id fetch first ? rows only
Hibernate: select sm1_0.id,sm1_0.created_at,sm1_0.message,sm1_0.phone from scheduled_messages sm1_0 order by sm1_0.id fetch first ? rows only
2025-07-24T23:22:40.552+09:00  INFO 67558 --- [   scheduling-1] c.a.auth.scheduler.MessageScheduler      : 발송 대기 중인 메시지가 없습니다.
2025-07-24T23:22:46.044+09:00  INFO 67558 --- [nio-8080-exec-2] o.a.c.c.C.[Tomcat].[localhost].[/]       : Initializing Spring DispatcherServlet 'dispatcherServlet'
2025-07-24T23:22:46.044+09:00  INFO 67558 --- [nio-8080-exec-2] o.s.web.servlet.DispatcherServlet        : Initializing Servlet 'dispatcherServlet'
2025-07-24T23:22:46.045+09:00  INFO 67558 --- [nio-8080-exec-2] o.s.web.servlet.DispatcherServlet        : Completed initialization in 1 ms
